[2025-02-10T13:07:58.479+0000] {taskinstance.py:1165} INFO - Dependencies all met for <TaskInstance: example_bash_operator.also_run_this scheduled__2025-02-09T00:00:00+00:00 [queued]>
[2025-02-10T13:07:58.490+0000] {taskinstance.py:1165} INFO - Dependencies all met for <TaskInstance: example_bash_operator.also_run_this scheduled__2025-02-09T00:00:00+00:00 [queued]>
[2025-02-10T13:07:58.490+0000] {taskinstance.py:1362} INFO - 
--------------------------------------------------------------------------------
[2025-02-10T13:07:58.490+0000] {taskinstance.py:1363} INFO - Starting attempt 1 of 1
[2025-02-10T13:07:58.490+0000] {taskinstance.py:1364} INFO - 
--------------------------------------------------------------------------------
[2025-02-10T13:07:58.506+0000] {taskinstance.py:1383} INFO - Executing <Task(BashOperator): also_run_this> on 2025-02-09 00:00:00+00:00
[2025-02-10T13:07:58.516+0000] {standard_task_runner.py:55} INFO - Started process 3855 to run task
[2025-02-10T13:07:58.520+0000] {standard_task_runner.py:82} INFO - Running: ['***', 'tasks', 'run', 'example_bash_operator', 'also_run_this', 'scheduled__2025-02-09T00:00:00+00:00', '--job-id', '10', '--raw', '--subdir', '/home/***/.local/lib/python3.7/site-packages/***/example_dags/example_bash_operator.py', '--cfg-path', '/tmp/tmpquvppci3']
[2025-02-10T13:07:58.520+0000] {standard_task_runner.py:83} INFO - Job 10: Subtask also_run_this
[2025-02-10T13:07:58.594+0000] {task_command.py:376} INFO - Running <TaskInstance: example_bash_operator.also_run_this scheduled__2025-02-09T00:00:00+00:00 [running]> on host acc76d8b0450
[2025-02-10T13:07:58.679+0000] {taskinstance.py:1592} INFO - Exporting the following env vars:
AIRFLOW_CTX_DAG_OWNER=***
AIRFLOW_CTX_DAG_ID=example_bash_operator
AIRFLOW_CTX_TASK_ID=also_run_this
AIRFLOW_CTX_EXECUTION_DATE=2025-02-09T00:00:00+00:00
AIRFLOW_CTX_TRY_NUMBER=1
AIRFLOW_CTX_DAG_RUN_ID=scheduled__2025-02-09T00:00:00+00:00
[2025-02-10T13:07:58.680+0000] {subprocess.py:63} INFO - Tmp dir root location: 
 /tmp
[2025-02-10T13:07:58.680+0000] {subprocess.py:75} INFO - Running command: ['/bin/bash', '-c', 'echo "ti_key=example_bash_operator__also_run_this__20250209"']
[2025-02-10T13:07:58.699+0000] {subprocess.py:86} INFO - Output:
[2025-02-10T13:07:58.701+0000] {subprocess.py:93} INFO - ti_key=example_bash_operator__also_run_this__20250209
[2025-02-10T13:07:58.701+0000] {subprocess.py:97} INFO - Command exited with return code 0
[2025-02-10T13:07:58.734+0000] {taskinstance.py:1406} INFO - Marking task as SUCCESS. dag_id=example_bash_operator, task_id=also_run_this, execution_date=20250209T000000, start_date=20250210T130758, end_date=20250210T130758
[2025-02-10T13:07:58.772+0000] {local_task_job.py:164} INFO - Task exited with return code 0
[2025-02-10T13:07:58.849+0000] {local_task_job.py:273} INFO - 0 downstream tasks scheduled from follow-on schedule check
