[2025-02-10T14:48:03.736+0000] {processor.py:154} INFO - Started process (PID=21326) to work on /opt/airflow/dags/user_processing.py
[2025-02-10T14:48:03.737+0000] {processor.py:756} INFO - Processing file /opt/airflow/dags/user_processing.py for tasks to queue
[2025-02-10T14:48:03.738+0000] {logging_mixin.py:120} INFO - [2025-02-10T14:48:03.738+0000] {dagbag.py:537} INFO - Filling up the DagBag from /opt/airflow/dags/user_processing.py
[2025-02-10T14:48:03.839+0000] {processor.py:766} INFO - DAG(s) dict_keys(['user_processing']) retrieved from /opt/airflow/dags/user_processing.py
[2025-02-10T14:48:03.956+0000] {logging_mixin.py:120} INFO - [2025-02-10T14:48:03.955+0000] {manager.py:507} INFO - Created Permission View: can read on DAG:user_processing
[2025-02-10T14:48:03.966+0000] {logging_mixin.py:120} INFO - [2025-02-10T14:48:03.966+0000] {manager.py:507} INFO - Created Permission View: can delete on DAG:user_processing
[2025-02-10T14:48:03.974+0000] {logging_mixin.py:120} INFO - [2025-02-10T14:48:03.974+0000] {manager.py:507} INFO - Created Permission View: can edit on DAG:user_processing
[2025-02-10T14:48:03.974+0000] {logging_mixin.py:120} INFO - [2025-02-10T14:48:03.974+0000] {dag.py:2585} INFO - Sync 1 DAGs
[2025-02-10T14:48:03.990+0000] {logging_mixin.py:120} INFO - [2025-02-10T14:48:03.990+0000] {dag.py:2606} INFO - Creating ORM DAG for user_processing
[2025-02-10T14:48:04.006+0000] {logging_mixin.py:120} INFO - [2025-02-10T14:48:04.006+0000] {dag.py:3340} INFO - Setting next_dagrun for user_processing to 2025-02-09T00:00:00+00:00, run_after=2025-02-10T00:00:00+00:00
[2025-02-10T14:48:04.024+0000] {processor.py:176} INFO - Processing /opt/airflow/dags/user_processing.py took 0.293 seconds
[2025-02-10T14:48:34.141+0000] {processor.py:154} INFO - Started process (PID=21381) to work on /opt/airflow/dags/user_processing.py
[2025-02-10T14:48:34.142+0000] {processor.py:756} INFO - Processing file /opt/airflow/dags/user_processing.py for tasks to queue
[2025-02-10T14:48:34.143+0000] {logging_mixin.py:120} INFO - [2025-02-10T14:48:34.143+0000] {dagbag.py:537} INFO - Filling up the DagBag from /opt/airflow/dags/user_processing.py
[2025-02-10T14:48:34.235+0000] {processor.py:766} INFO - DAG(s) dict_keys(['user_processing']) retrieved from /opt/airflow/dags/user_processing.py
[2025-02-10T14:48:34.288+0000] {logging_mixin.py:120} INFO - [2025-02-10T14:48:34.288+0000] {dag.py:2585} INFO - Sync 1 DAGs
[2025-02-10T14:48:34.345+0000] {logging_mixin.py:120} INFO - [2025-02-10T14:48:34.345+0000] {dag.py:3340} INFO - Setting next_dagrun for user_processing to 2025-02-09T00:00:00+00:00, run_after=2025-02-10T00:00:00+00:00
[2025-02-10T14:48:34.374+0000] {processor.py:176} INFO - Processing /opt/airflow/dags/user_processing.py took 0.238 seconds
[2025-02-10T14:49:04.747+0000] {processor.py:154} INFO - Started process (PID=21445) to work on /opt/airflow/dags/user_processing.py
[2025-02-10T14:49:04.748+0000] {processor.py:756} INFO - Processing file /opt/airflow/dags/user_processing.py for tasks to queue
[2025-02-10T14:49:04.749+0000] {logging_mixin.py:120} INFO - [2025-02-10T14:49:04.749+0000] {dagbag.py:537} INFO - Filling up the DagBag from /opt/airflow/dags/user_processing.py
[2025-02-10T14:49:04.841+0000] {processor.py:766} INFO - DAG(s) dict_keys(['user_processing']) retrieved from /opt/airflow/dags/user_processing.py
[2025-02-10T14:49:04.889+0000] {logging_mixin.py:120} INFO - [2025-02-10T14:49:04.889+0000] {dag.py:2585} INFO - Sync 1 DAGs
[2025-02-10T14:49:04.926+0000] {logging_mixin.py:120} INFO - [2025-02-10T14:49:04.926+0000] {dag.py:3340} INFO - Setting next_dagrun for user_processing to 2025-02-09T00:00:00+00:00, run_after=2025-02-10T00:00:00+00:00
[2025-02-10T14:49:04.955+0000] {processor.py:176} INFO - Processing /opt/airflow/dags/user_processing.py took 0.213 seconds
[2025-02-10T14:49:35.721+0000] {processor.py:154} INFO - Started process (PID=21509) to work on /opt/airflow/dags/user_processing.py
[2025-02-10T14:49:35.722+0000] {processor.py:756} INFO - Processing file /opt/airflow/dags/user_processing.py for tasks to queue
[2025-02-10T14:49:35.723+0000] {logging_mixin.py:120} INFO - [2025-02-10T14:49:35.723+0000] {dagbag.py:537} INFO - Filling up the DagBag from /opt/airflow/dags/user_processing.py
[2025-02-10T14:49:35.815+0000] {processor.py:766} INFO - DAG(s) dict_keys(['user_processing']) retrieved from /opt/airflow/dags/user_processing.py
[2025-02-10T14:49:35.860+0000] {logging_mixin.py:120} INFO - [2025-02-10T14:49:35.859+0000] {dag.py:2585} INFO - Sync 1 DAGs
[2025-02-10T14:49:35.897+0000] {logging_mixin.py:120} INFO - [2025-02-10T14:49:35.897+0000] {dag.py:3340} INFO - Setting next_dagrun for user_processing to 2025-02-09T00:00:00+00:00, run_after=2025-02-10T00:00:00+00:00
[2025-02-10T14:49:35.921+0000] {processor.py:176} INFO - Processing /opt/airflow/dags/user_processing.py took 0.205 seconds
[2025-02-10T14:50:06.121+0000] {processor.py:154} INFO - Started process (PID=21571) to work on /opt/airflow/dags/user_processing.py
[2025-02-10T14:50:06.122+0000] {processor.py:756} INFO - Processing file /opt/airflow/dags/user_processing.py for tasks to queue
[2025-02-10T14:50:06.123+0000] {logging_mixin.py:120} INFO - [2025-02-10T14:50:06.123+0000] {dagbag.py:537} INFO - Filling up the DagBag from /opt/airflow/dags/user_processing.py
[2025-02-10T14:50:06.216+0000] {processor.py:766} INFO - DAG(s) dict_keys(['user_processing']) retrieved from /opt/airflow/dags/user_processing.py
[2025-02-10T14:50:06.260+0000] {logging_mixin.py:120} INFO - [2025-02-10T14:50:06.259+0000] {dag.py:2585} INFO - Sync 1 DAGs
[2025-02-10T14:50:06.295+0000] {logging_mixin.py:120} INFO - [2025-02-10T14:50:06.295+0000] {dag.py:3340} INFO - Setting next_dagrun for user_processing to 2025-02-09T00:00:00+00:00, run_after=2025-02-10T00:00:00+00:00
[2025-02-10T14:50:06.317+0000] {processor.py:176} INFO - Processing /opt/airflow/dags/user_processing.py took 0.201 seconds
[2025-02-10T14:50:36.692+0000] {processor.py:154} INFO - Started process (PID=21628) to work on /opt/airflow/dags/user_processing.py
[2025-02-10T14:50:36.694+0000] {processor.py:756} INFO - Processing file /opt/airflow/dags/user_processing.py for tasks to queue
[2025-02-10T14:50:36.694+0000] {logging_mixin.py:120} INFO - [2025-02-10T14:50:36.694+0000] {dagbag.py:537} INFO - Filling up the DagBag from /opt/airflow/dags/user_processing.py
[2025-02-10T14:50:36.785+0000] {processor.py:766} INFO - DAG(s) dict_keys(['user_processing']) retrieved from /opt/airflow/dags/user_processing.py
[2025-02-10T14:50:36.829+0000] {logging_mixin.py:120} INFO - [2025-02-10T14:50:36.829+0000] {dag.py:2585} INFO - Sync 1 DAGs
[2025-02-10T14:50:36.859+0000] {logging_mixin.py:120} INFO - [2025-02-10T14:50:36.859+0000] {dag.py:3340} INFO - Setting next_dagrun for user_processing to 2025-02-09T00:00:00+00:00, run_after=2025-02-10T00:00:00+00:00
[2025-02-10T14:50:36.879+0000] {processor.py:176} INFO - Processing /opt/airflow/dags/user_processing.py took 0.191 seconds
