[2025-02-10T13:04:55.544+0000] {taskinstance.py:1165} INFO - Dependencies all met for <TaskInstance: dataset_consumes_1.consuming_1 manual__2025-02-10T13:04:53.886978+00:00 [queued]>
[2025-02-10T13:04:55.557+0000] {taskinstance.py:1165} INFO - Dependencies all met for <TaskInstance: dataset_consumes_1.consuming_1 manual__2025-02-10T13:04:53.886978+00:00 [queued]>
[2025-02-10T13:04:55.557+0000] {taskinstance.py:1362} INFO - 
--------------------------------------------------------------------------------
[2025-02-10T13:04:55.557+0000] {taskinstance.py:1363} INFO - Starting attempt 1 of 1
[2025-02-10T13:04:55.557+0000] {taskinstance.py:1364} INFO - 
--------------------------------------------------------------------------------
[2025-02-10T13:04:55.576+0000] {taskinstance.py:1383} INFO - Executing <Task(BashOperator): consuming_1> on 2025-02-10 13:04:53.886978+00:00
[2025-02-10T13:04:55.588+0000] {standard_task_runner.py:55} INFO - Started process 3700 to run task
[2025-02-10T13:04:55.593+0000] {standard_task_runner.py:82} INFO - Running: ['***', 'tasks', 'run', 'dataset_consumes_1', 'consuming_1', 'manual__2025-02-10T13:04:53.886978+00:00', '--job-id', '5', '--raw', '--subdir', '/home/***/.local/lib/python3.7/site-packages/***/example_dags/example_datasets.py', '--cfg-path', '/tmp/tmpk361d5o_']
[2025-02-10T13:04:55.594+0000] {standard_task_runner.py:83} INFO - Job 5: Subtask consuming_1
[2025-02-10T13:04:55.673+0000] {task_command.py:376} INFO - Running <TaskInstance: dataset_consumes_1.consuming_1 manual__2025-02-10T13:04:53.886978+00:00 [running]> on host acc76d8b0450
[2025-02-10T13:04:55.758+0000] {taskinstance.py:1592} INFO - Exporting the following env vars:
AIRFLOW_CTX_DAG_OWNER=***
AIRFLOW_CTX_DAG_ID=dataset_consumes_1
AIRFLOW_CTX_TASK_ID=consuming_1
AIRFLOW_CTX_EXECUTION_DATE=2025-02-10T13:04:53.886978+00:00
AIRFLOW_CTX_TRY_NUMBER=1
AIRFLOW_CTX_DAG_RUN_ID=manual__2025-02-10T13:04:53.886978+00:00
[2025-02-10T13:04:55.759+0000] {subprocess.py:63} INFO - Tmp dir root location: 
 /tmp
[2025-02-10T13:04:55.760+0000] {subprocess.py:75} INFO - Running command: ['/bin/bash', '-c', 'sleep 5']
[2025-02-10T13:04:55.778+0000] {subprocess.py:86} INFO - Output:
[2025-02-10T13:05:00.783+0000] {subprocess.py:97} INFO - Command exited with return code 0
[2025-02-10T13:05:00.813+0000] {warnings.py:110} WARNING - /home/***/.local/lib/python3.7/site-packages/***/models/baseoperator.py:1390: RemovedInAirflow3Warning: Passing 'execution_date' to 'TaskInstance.xcom_push()' is deprecated.
  context['ti'].xcom_push(key=key, value=value, execution_date=execution_date)

[2025-02-10T13:05:00.854+0000] {taskinstance.py:1406} INFO - Marking task as SUCCESS. dag_id=dataset_consumes_1, task_id=consuming_1, execution_date=20250210T130453, start_date=20250210T130455, end_date=20250210T130500
[2025-02-10T13:05:00.934+0000] {local_task_job.py:164} INFO - Task exited with return code 0
[2025-02-10T13:05:00.969+0000] {local_task_job.py:273} INFO - 0 downstream tasks scheduled from follow-on schedule check
