[2025-02-10T13:07:58.447+0000] {taskinstance.py:1165} INFO - Dependencies all met for <TaskInstance: example_bash_operator.runme_1 scheduled__2025-02-09T00:00:00+00:00 [queued]>
[2025-02-10T13:07:58.458+0000] {taskinstance.py:1165} INFO - Dependencies all met for <TaskInstance: example_bash_operator.runme_1 scheduled__2025-02-09T00:00:00+00:00 [queued]>
[2025-02-10T13:07:58.458+0000] {taskinstance.py:1362} INFO - 
--------------------------------------------------------------------------------
[2025-02-10T13:07:58.458+0000] {taskinstance.py:1363} INFO - Starting attempt 1 of 1
[2025-02-10T13:07:58.458+0000] {taskinstance.py:1364} INFO - 
--------------------------------------------------------------------------------
[2025-02-10T13:07:58.475+0000] {taskinstance.py:1383} INFO - Executing <Task(BashOperator): runme_1> on 2025-02-09 00:00:00+00:00
[2025-02-10T13:07:58.485+0000] {standard_task_runner.py:55} INFO - Started process 3852 to run task
[2025-02-10T13:07:58.490+0000] {standard_task_runner.py:82} INFO - Running: ['***', 'tasks', 'run', 'example_bash_operator', 'runme_1', 'scheduled__2025-02-09T00:00:00+00:00', '--job-id', '6', '--raw', '--subdir', '/home/***/.local/lib/python3.7/site-packages/***/example_dags/example_bash_operator.py', '--cfg-path', '/tmp/tmptj7xhybs']
[2025-02-10T13:07:58.491+0000] {standard_task_runner.py:83} INFO - Job 6: Subtask runme_1
[2025-02-10T13:07:58.565+0000] {task_command.py:376} INFO - Running <TaskInstance: example_bash_operator.runme_1 scheduled__2025-02-09T00:00:00+00:00 [running]> on host acc76d8b0450
[2025-02-10T13:07:58.650+0000] {taskinstance.py:1592} INFO - Exporting the following env vars:
AIRFLOW_CTX_DAG_OWNER=***
AIRFLOW_CTX_DAG_ID=example_bash_operator
AIRFLOW_CTX_TASK_ID=runme_1
AIRFLOW_CTX_EXECUTION_DATE=2025-02-09T00:00:00+00:00
AIRFLOW_CTX_TRY_NUMBER=1
AIRFLOW_CTX_DAG_RUN_ID=scheduled__2025-02-09T00:00:00+00:00
[2025-02-10T13:07:58.651+0000] {subprocess.py:63} INFO - Tmp dir root location: 
 /tmp
[2025-02-10T13:07:58.652+0000] {subprocess.py:75} INFO - Running command: ['/bin/bash', '-c', 'echo "example_bash_operator__runme_1__20250209" && sleep 1']
[2025-02-10T13:07:58.675+0000] {subprocess.py:86} INFO - Output:
[2025-02-10T13:07:58.678+0000] {subprocess.py:93} INFO - example_bash_operator__runme_1__20250209
[2025-02-10T13:07:59.680+0000] {subprocess.py:97} INFO - Command exited with return code 0
[2025-02-10T13:07:59.733+0000] {taskinstance.py:1406} INFO - Marking task as SUCCESS. dag_id=example_bash_operator, task_id=runme_1, execution_date=20250209T000000, start_date=20250210T130758, end_date=20250210T130759
[2025-02-10T13:07:59.784+0000] {local_task_job.py:164} INFO - Task exited with return code 0
[2025-02-10T13:07:59.840+0000] {local_task_job.py:273} INFO - 1 downstream tasks scheduled from follow-on schedule check
